2023-12-11 13:42:07,091 - mmtrack - INFO - Environment info:
------------------------------------------------------------
sys.platform: linux
Python: 3.7.16 (default, Jan 17 2023, 22:20:44) [GCC 11.2.0]
CUDA available: True
GPU 0: NVIDIA RTX A6000
GPU 1,2,3: NVIDIA GeForce RTX 2080 Ti
CUDA_HOME: /usr/local/cuda
NVCC: Cuda compilation tools, release 9.0, V9.0.17
GCC: gcc (Ubuntu 7.5.0-3ubuntu1~18.04) 7.5.0
PyTorch: 1.10.1
PyTorch compiling details: PyTorch built with:
  - GCC 7.3
  - C++ Version: 201402
  - Intel(R) oneAPI Math Kernel Library Version 2021.4-Product Build 20210904 for Intel(R) 64 architecture applications
  - Intel(R) MKL-DNN v2.2.3 (Git Hash 7336ca9f055cf1bfa13efb658fe15dc9b41f0740)
  - OpenMP 201511 (a.k.a. OpenMP 4.5)
  - LAPACK is enabled (usually provided by MKL)
  - NNPACK is enabled
  - CPU capability usage: AVX512
  - CUDA Runtime 10.2
  - NVCC architecture flags: -gencode;arch=compute_37,code=sm_37;-gencode;arch=compute_50,code=sm_50;-gencode;arch=compute_60,code=sm_60;-gencode;arch=compute_61,code=sm_61;-gencode;arch=compute_70,code=sm_70;-gencode;arch=compute_75,code=sm_75;-gencode;arch=compute_37,code=compute_37
  - CuDNN 7.6.5
  - Magma 2.5.2
  - Build settings: BLAS_INFO=mkl, BUILD_TYPE=Release, CUDA_VERSION=10.2, CUDNN_VERSION=7.6.5, CXX_COMPILER=/opt/rh/devtoolset-7/root/usr/bin/c++, CXX_FLAGS= -Wno-deprecated -fvisibility-inlines-hidden -DUSE_PTHREADPOOL -fopenmp -DNDEBUG -DUSE_KINETO -DUSE_FBGEMM -DUSE_QNNPACK -DUSE_PYTORCH_QNNPACK -DUSE_XNNPACK -DSYMBOLICATE_MOBILE_DEBUG_HANDLE -DEDGE_PROFILER_USE_KINETO -O2 -fPIC -Wno-narrowing -Wall -Wextra -Werror=return-type -Wno-missing-field-initializers -Wno-type-limits -Wno-array-bounds -Wno-unknown-pragmas -Wno-sign-compare -Wno-unused-parameter -Wno-unused-variable -Wno-unused-function -Wno-unused-result -Wno-unused-local-typedefs -Wno-strict-overflow -Wno-strict-aliasing -Wno-error=deprecated-declarations -Wno-stringop-overflow -Wno-psabi -Wno-error=pedantic -Wno-error=redundant-decls -Wno-error=old-style-cast -fdiagnostics-color=always -faligned-new -Wno-unused-but-set-variable -Wno-maybe-uninitialized -fno-math-errno -fno-trapping-math -Werror=format -Wno-stringop-overflow, LAPACK_INFO=mkl, PERF_WITH_AVX=1, PERF_WITH_AVX2=1, PERF_WITH_AVX512=1, TORCH_VERSION=1.10.1, USE_CUDA=ON, USE_CUDNN=ON, USE_EXCEPTION_PTR=1, USE_GFLAGS=OFF, USE_GLOG=OFF, USE_MKL=ON, USE_MKLDNN=ON, USE_MPI=OFF, USE_NCCL=ON, USE_NNPACK=ON, USE_OPENMP=ON, 

TorchVision: 0.11.2
OpenCV: 4.5.1
MMCV: 1.6.1
MMCV Compiler: GCC 7.3
MMCV CUDA Compiler: 10.2
MMTracking: 0.14.0+b023697
------------------------------------------------------------

2023-12-11 13:42:07,092 - mmtrack - INFO - Distributed training: False
2023-12-11 13:42:07,422 - mmtrack - INFO - Config:
optimizer = dict(type='SGD', lr=0.001, momentum=0.9, weight_decay=0.0001)
optimizer_config = dict(grad_clip=dict(max_norm=35, norm_type=2))
checkpoint_config = dict(interval=5000, by_epoch=True)
log_config = dict(interval=50, hooks=[dict(type='TextLoggerHook')])
dist_params = dict(backend='nccl')
log_level = 'INFO'
load_from = None
resume_from = None
workflow = [('train', 1)]
opencv_num_threads = 0
mp_start_method = 'fork'
model = dict(
    type='GeneralizedRCNN',
    backbone=dict(type='RCNNHeadedModel'),
    proposal_generator=dict(
        type='RPN',
        anchor_generator=dict(
            type='AnchorGenerator',
            scales=[32, 64, 128, 256, 512],
            ratios=[0.5, 1.0, 2.0],
            strides=[4, 8, 16, 32, 64]),
        bbox_coder=dict(
            type='DeltaXYWHBBoxCoder',
            target_means=[0.0, 0.0, 0.0, 0.0],
            target_stds=[1.0, 1.0, 1.0, 1.0]),
        loss_cls=dict(
            type='CrossEntropyLoss', use_sigmoid=True, loss_weight=1.0),
        loss_bbox=dict(type='SmoothL1Loss', beta=1.0, loss_weight=1.0)),
    roi_head=dict(
        type='Res5ROIHeads',
        bbox_roi_extractor=dict(
            type='SingleRoIExtractor',
            roi_layer=dict(type='RoIAlign', out_size=7, sample_num=2),
            out_channels=256,
            featmap_strides=[16]),
        bbox_head=dict(
            type='',
            num_classes=80,
            reg_class_agnostic=False,
            loss_cls=dict(
                type='CrossEntropyLoss', use_sigmoid=False, loss_weight=1.0),
            loss_bbox=dict(type='SmoothL1Loss', beta=1.0, loss_weight=1.0))))
dataset_type = 'ImagenetVIDDataset'
data_root = 'data/ILSVRC/'
img_norm_cfg = dict(
    mean=[102.9801, 115.9465, 122.7717], std=[1.0, 1.0, 1.0], to_rgb=False)
train_pipeline = [
    dict(type='LoadMultiImagesFromFile'),
    dict(type='SeqLoadAnnotations', with_bbox=True, with_track=True),
    dict(type='SeqResize', img_scale=(324, 324), keep_ratio=False),
    dict(type='SeqRandomFlip', share_params=True, flip_ratio=0.5),
    dict(
        type='SeqNormalize',
        mean=[102.9801, 115.9465, 122.7717],
        std=[1.0, 1.0, 1.0],
        to_rgb=False),
    dict(type='SeqPad', size_divisor=32),
    dict(
        type='VideoCollect',
        keys=['img', 'gt_bboxes', 'gt_labels', 'gt_instance_ids']),
    dict(type='ConcatVideoReferences'),
    dict(type='SeqDefaultFormatBundle', ref_prefix='ref')
]
test_pipeline = [
    dict(type='LoadMultiImagesFromFile'),
    dict(type='SeqResize', img_scale=(328, 328), keep_ratio=False),
    dict(type='SeqRandomFlip', share_params=True, flip_ratio=0.0),
    dict(
        type='SeqNormalize',
        mean=[102.9801, 115.9465, 122.7717],
        std=[1.0, 1.0, 1.0],
        to_rgb=False),
    dict(type='SeqPad', size_divisor=32),
    dict(
        type='VideoCollect',
        keys=['img'],
        meta_keys=('num_left_ref_imgs', 'frame_stride')),
    dict(type='ConcatVideoReferences'),
    dict(type='MultiImagesToTensor', ref_prefix='ref'),
    dict(type='ToList')
]
data = dict(
    samples_per_gpu=1,
    workers_per_gpu=4,
    train=dict(
        type='ImagenetVIDDataset',
        ann_file='data/ILSVRC/annotations/imagenet_vid_train.json',
        img_prefix='data/ILSVRC/Data/VID',
        ref_img_sampler=dict(
            num_ref_imgs=2,
            frame_range=9,
            filter_key_img=True,
            method='bilateral_uniform'),
        pipeline=[
            dict(type='LoadMultiImagesFromFile'),
            dict(type='SeqLoadAnnotations', with_bbox=True, with_track=True),
            dict(type='SeqResize', img_scale=(324, 324), keep_ratio=False),
            dict(type='SeqRandomFlip', share_params=True, flip_ratio=0.5),
            dict(
                type='SeqNormalize',
                mean=[102.9801, 115.9465, 122.7717],
                std=[1.0, 1.0, 1.0],
                to_rgb=False),
            dict(type='SeqPad', size_divisor=32),
            dict(
                type='VideoCollect',
                keys=['img', 'gt_bboxes', 'gt_labels', 'gt_instance_ids']),
            dict(type='ConcatVideoReferences'),
            dict(type='SeqDefaultFormatBundle', ref_prefix='ref')
        ]),
    val=dict(
        type='ImagenetVIDDataset',
        ann_file='data/ILSVRC/annotations/imagenet_vid_val.json',
        img_prefix='data/ILSVRC/Data/VID',
        pipeline=[
            dict(type='LoadMultiImagesFromFile'),
            dict(type='SeqResize', img_scale=(328, 328), keep_ratio=False),
            dict(type='SeqRandomFlip', share_params=True, flip_ratio=0.0),
            dict(
                type='SeqNormalize',
                mean=[102.9801, 115.9465, 122.7717],
                std=[1.0, 1.0, 1.0],
                to_rgb=False),
            dict(type='SeqPad', size_divisor=32),
            dict(
                type='VideoCollect',
                keys=['img'],
                meta_keys=('num_left_ref_imgs', 'frame_stride')),
            dict(type='ConcatVideoReferences'),
            dict(type='MultiImagesToTensor', ref_prefix='ref'),
            dict(type='ToList')
        ],
        test_mode=True),
    test=dict(
        type='ImagenetVIDDataset',
        ann_file='data/ILSVRC/annotations/imagenet_vid_val.json',
        img_prefix='data/ILSVRC/Data/VID',
        pipeline=[
            dict(type='LoadMultiImagesFromFile'),
            dict(type='SeqResize', img_scale=(328, 328), keep_ratio=False),
            dict(type='SeqRandomFlip', share_params=True, flip_ratio=0.0),
            dict(
                type='SeqNormalize',
                mean=[102.9801, 115.9465, 122.7717],
                std=[1.0, 1.0, 1.0],
                to_rgb=False),
            dict(type='SeqPad', size_divisor=32),
            dict(
                type='VideoCollect',
                keys=['img'],
                meta_keys=('num_left_ref_imgs', 'frame_stride')),
            dict(type='ConcatVideoReferences'),
            dict(type='MultiImagesToTensor', ref_prefix='ref'),
            dict(type='ToList')
        ],
        test_mode=True))
lr_config = dict(
    policy='step',
    warmup='linear',
    warmup_iters=500,
    warmup_ratio=0.3333333333333333,
    step=[2])
total_epochs = 2
runner = dict(type='EpochBasedRunner', max_epochs=12)
evaluation = dict(interval=1, metric='bbox')
work_dir = './output'
gpu_ids = [0]

2023-12-11 13:42:07,422 - mmtrack - INFO - Set random seed to 474271919, deterministic: False
